now using device:  cuda
-------第 1 轮训练开始-------
Epoch: 001/040 | Batch 0000/0469 | Loss: 2.3830
Epoch: 001/040 | Batch 0100/0469 | Loss: 0.1032
Epoch: 001/040 | Batch 0200/0469 | Loss: 0.1656
Epoch: 001/040 | Batch 0300/0469 | Loss: 0.2258
Epoch: 001/040 | Batch 0400/0469 | Loss: 0.1365
当前学习率:  0.01
整体测试集上的Loss: 6.462724664248526
整体测试集上的正确率: 0.9723999500274658
模型已保存
-------第 2 轮训练开始-------
Epoch: 002/040 | Batch 0000/0469 | Loss: 0.0484
Epoch: 002/040 | Batch 0100/0469 | Loss: 0.0523
Epoch: 002/040 | Batch 0200/0469 | Loss: 0.1248
Epoch: 002/040 | Batch 0300/0469 | Loss: 0.1057
Epoch: 002/040 | Batch 0400/0469 | Loss: 0.0628
当前学习率:  0.01
整体测试集上的Loss: 2.6023749269224936
整体测试集上的正确率: 0.9898999929428101
模型已保存
-------第 3 轮训练开始-------
Epoch: 003/040 | Batch 0000/0469 | Loss: 0.0717
Epoch: 003/040 | Batch 0100/0469 | Loss: 0.0276
Epoch: 003/040 | Batch 0200/0469 | Loss: 0.0954
Epoch: 003/040 | Batch 0300/0469 | Loss: 0.0536
Epoch: 003/040 | Batch 0400/0469 | Loss: 0.0623
当前学习率:  0.01
整体测试集上的Loss: 1.7449312333774287
整体测试集上的正确率: 0.9927999973297119
模型已保存
-------第 4 轮训练开始-------
Epoch: 004/040 | Batch 0000/0469 | Loss: 0.0485
Epoch: 004/040 | Batch 0100/0469 | Loss: 0.0228
Epoch: 004/040 | Batch 0200/0469 | Loss: 0.0514
Epoch: 004/040 | Batch 0300/0469 | Loss: 0.0885
Epoch: 004/040 | Batch 0400/0469 | Loss: 0.0339
当前学习率:  0.01
整体测试集上的Loss: 1.211034838386695
整体测试集上的正确率: 0.9953999519348145
模型已保存
-------第 5 轮训练开始-------
Epoch: 005/040 | Batch 0000/0469 | Loss: 0.0279
Epoch: 005/040 | Batch 0100/0469 | Loss: 0.0398
Epoch: 005/040 | Batch 0200/0469 | Loss: 0.0146
Epoch: 005/040 | Batch 0300/0469 | Loss: 0.0809
Epoch: 005/040 | Batch 0400/0469 | Loss: 0.0110
当前学习率:  0.01
整体测试集上的Loss: 1.7332661045802524
整体测试集上的正确率: 0.9923999905586243
-------第 6 轮训练开始-------
Epoch: 006/040 | Batch 0000/0469 | Loss: 0.0105
Epoch: 006/040 | Batch 0100/0469 | Loss: 0.0374
Epoch: 006/040 | Batch 0200/0469 | Loss: 0.0361
Epoch: 006/040 | Batch 0300/0469 | Loss: 0.0576
Epoch: 006/040 | Batch 0400/0469 | Loss: 0.0795
当前学习率:  0.01
整体测试集上的Loss: 1.3211543928191531
整体测试集上的正确率: 0.9948999881744385
-------第 7 轮训练开始-------
Epoch: 007/040 | Batch 0000/0469 | Loss: 0.0319
Epoch: 007/040 | Batch 0100/0469 | Loss: 0.0076
Epoch: 007/040 | Batch 0200/0469 | Loss: 0.0659
Epoch: 007/040 | Batch 0300/0469 | Loss: 0.0472
Epoch: 007/040 | Batch 0400/0469 | Loss: 0.0412
当前学习率:  0.01
整体测试集上的Loss: 1.4192247435166792
整体测试集上的正确率: 0.9943999648094177
-------第 8 轮训练开始-------
Epoch: 008/040 | Batch 0000/0469 | Loss: 0.0040
Epoch: 008/040 | Batch 0100/0469 | Loss: 0.0285
Epoch: 008/040 | Batch 0200/0469 | Loss: 0.0514
Epoch: 008/040 | Batch 0300/0469 | Loss: 0.0379
Epoch: 008/040 | Batch 0400/0469 | Loss: 0.0358
当前学习率:  0.01
整体测试集上的Loss: 1.345669019381603
整体测试集上的正确率: 0.9942999482154846
-------第 9 轮训练开始-------
Epoch: 009/040 | Batch 0000/0469 | Loss: 0.0078
Epoch: 009/040 | Batch 0100/0469 | Loss: 0.0125
Epoch: 009/040 | Batch 0200/0469 | Loss: 0.0548
Epoch: 009/040 | Batch 0300/0469 | Loss: 0.0282
Epoch: 009/040 | Batch 0400/0469 | Loss: 0.0268
当前学习率:  0.01
整体测试集上的Loss: 1.390490747988224
整体测试集上的正确率: 0.9946999549865723
-------第 10 轮训练开始-------
Epoch: 010/040 | Batch 0000/0469 | Loss: 0.0412
Epoch: 010/040 | Batch 0100/0469 | Loss: 0.0229
Epoch: 010/040 | Batch 0200/0469 | Loss: 0.0531
Epoch: 010/040 | Batch 0300/0469 | Loss: 0.0575
Epoch: 010/040 | Batch 0400/0469 | Loss: 0.0325
当前学习率:  0.01
整体测试集上的Loss: 1.149901184173359
整体测试集上的正确率: 0.9950999617576599
模型已保存
-------第 11 轮训练开始-------
Epoch: 011/040 | Batch 0000/0469 | Loss: 0.0169
Epoch: 011/040 | Batch 0100/0469 | Loss: 0.0162
Epoch: 011/040 | Batch 0200/0469 | Loss: 0.0774
Epoch: 011/040 | Batch 0300/0469 | Loss: 0.0375
Epoch: 011/040 | Batch 0400/0469 | Loss: 0.0173
当前学习率:  0.01
整体测试集上的Loss: 1.8900136715456028
整体测试集上的正确率: 0.993399977684021
-------第 12 轮训练开始-------
Epoch: 012/040 | Batch 0000/0469 | Loss: 0.0114
Epoch: 012/040 | Batch 0100/0469 | Loss: 0.0099
Epoch: 012/040 | Batch 0200/0469 | Loss: 0.0511
Epoch: 012/040 | Batch 0300/0469 | Loss: 0.0219
Epoch: 012/040 | Batch 0400/0469 | Loss: 0.0394
当前学习率:  0.01
整体测试集上的Loss: 1.310512080322951
整体测试集上的正确率: 0.9943999648094177
-------第 13 轮训练开始-------
Epoch: 013/040 | Batch 0000/0469 | Loss: 0.0040
Epoch: 013/040 | Batch 0100/0469 | Loss: 0.0116
Epoch: 013/040 | Batch 0200/0469 | Loss: 0.0476
Epoch: 013/040 | Batch 0300/0469 | Loss: 0.0379
Epoch: 013/040 | Batch 0400/0469 | Loss: 0.0797
当前学习率:  0.01
整体测试集上的Loss: 1.6872219986689743
整体测试集上的正确率: 0.9937999844551086
-------第 14 轮训练开始-------
Epoch: 014/040 | Batch 0000/0469 | Loss: 0.0150
Epoch: 014/040 | Batch 0100/0469 | Loss: 0.0172
Epoch: 014/040 | Batch 0200/0469 | Loss: 0.0099
Epoch: 014/040 | Batch 0300/0469 | Loss: 0.0284
Epoch: 014/040 | Batch 0400/0469 | Loss: 0.0872
当前学习率:  0.01
整体测试集上的Loss: 1.338122503759223
整体测试集上的正确率: 0.9946999549865723
-------第 15 轮训练开始-------
Epoch: 015/040 | Batch 0000/0469 | Loss: 0.0190
Epoch: 015/040 | Batch 0100/0469 | Loss: 0.0583
Epoch: 015/040 | Batch 0200/0469 | Loss: 0.0254
Epoch: 015/040 | Batch 0300/0469 | Loss: 0.0436
Epoch: 015/040 | Batch 0400/0469 | Loss: 0.0279
当前学习率:  0.01
整体测试集上的Loss: 1.280961189950176
整体测试集上的正确率: 0.9949999451637268
-------第 16 轮训练开始-------
Epoch: 016/040 | Batch 0000/0469 | Loss: 0.0074
Epoch: 016/040 | Batch 0100/0469 | Loss: 0.0294
Epoch: 016/040 | Batch 0200/0469 | Loss: 0.0436
Epoch: 016/040 | Batch 0300/0469 | Loss: 0.0427
Epoch: 016/040 | Batch 0400/0469 | Loss: 0.0303
当前学习率:  0.01
整体测试集上的Loss: 1.6033690214244416
整体测试集上的正确率: 0.9928999543190002
Epoch 00016: reducing learning rate of group 0 to 5.0000e-03.
-------第 17 轮训练开始-------
Epoch: 017/040 | Batch 0000/0469 | Loss: 0.0355
Epoch: 017/040 | Batch 0100/0469 | Loss: 0.0056
Epoch: 017/040 | Batch 0200/0469 | Loss: 0.0114
Epoch: 017/040 | Batch 0300/0469 | Loss: 0.0501
Epoch: 017/040 | Batch 0400/0469 | Loss: 0.0583
当前学习率:  0.005
整体测试集上的Loss: 0.8896809826728713
整体测试集上的正确率: 0.9962999820709229
模型已保存
-------第 18 轮训练开始-------
Epoch: 018/040 | Batch 0000/0469 | Loss: 0.0053
Epoch: 018/040 | Batch 0100/0469 | Loss: 0.0420
Epoch: 018/040 | Batch 0200/0469 | Loss: 0.0102
Epoch: 018/040 | Batch 0300/0469 | Loss: 0.0431
Epoch: 018/040 | Batch 0400/0469 | Loss: 0.0511
当前学习率:  0.005
整体测试集上的Loss: 0.7469185847439803
整体测试集上的正确率: 0.9970999956130981
模型已保存
-------第 19 轮训练开始-------
Epoch: 019/040 | Batch 0000/0469 | Loss: 0.0187
Epoch: 019/040 | Batch 0100/0469 | Loss: 0.0096
Epoch: 019/040 | Batch 0200/0469 | Loss: 0.0152
Epoch: 019/040 | Batch 0300/0469 | Loss: 0.0174
Epoch: 019/040 | Batch 0400/0469 | Loss: 0.0202
当前学习率:  0.005
整体测试集上的Loss: 0.8464317488123925
整体测试集上的正确率: 0.996999979019165
-------第 20 轮训练开始-------
Epoch: 020/040 | Batch 0000/0469 | Loss: 0.0053
Epoch: 020/040 | Batch 0100/0469 | Loss: 0.0120
Epoch: 020/040 | Batch 0200/0469 | Loss: 0.0320
Epoch: 020/040 | Batch 0300/0469 | Loss: 0.0296
Epoch: 020/040 | Batch 0400/0469 | Loss: 0.0599
当前学习率:  0.005
整体测试集上的Loss: 0.9403379547657096
整体测试集上的正确率: 0.9960999488830566
-------第 21 轮训练开始-------
Epoch: 021/040 | Batch 0000/0469 | Loss: 0.0059
Epoch: 021/040 | Batch 0100/0469 | Loss: 0.0467
Epoch: 021/040 | Batch 0200/0469 | Loss: 0.0281
Epoch: 021/040 | Batch 0300/0469 | Loss: 0.0243
Epoch: 021/040 | Batch 0400/0469 | Loss: 0.0454
当前学习率:  0.005
整体测试集上的Loss: 1.0662171866460994
整体测试集上的正确率: 0.9960999488830566
-------第 22 轮训练开始-------
Epoch: 022/040 | Batch 0000/0469 | Loss: 0.0042
Epoch: 022/040 | Batch 0100/0469 | Loss: 0.0115
Epoch: 022/040 | Batch 0200/0469 | Loss: 0.0430
Epoch: 022/040 | Batch 0300/0469 | Loss: 0.0110
Epoch: 022/040 | Batch 0400/0469 | Loss: 0.0343
当前学习率:  0.005
整体测试集上的Loss: 1.0830619467124052
整体测试集上的正确率: 0.9959999918937683
-------第 23 轮训练开始-------
Epoch: 023/040 | Batch 0000/0469 | Loss: 0.0206
Epoch: 023/040 | Batch 0100/0469 | Loss: 0.0080
Epoch: 023/040 | Batch 0200/0469 | Loss: 0.0115
Epoch: 023/040 | Batch 0300/0469 | Loss: 0.0215
Epoch: 023/040 | Batch 0400/0469 | Loss: 0.0391
当前学习率:  0.005
整体测试集上的Loss: 0.9674162798219186
整体测试集上的正确率: 0.9960999488830566
-------第 24 轮训练开始-------
Epoch: 024/040 | Batch 0000/0469 | Loss: 0.0068
Epoch: 024/040 | Batch 0100/0469 | Loss: 0.0228
Epoch: 024/040 | Batch 0200/0469 | Loss: 0.0182
Epoch: 024/040 | Batch 0300/0469 | Loss: 0.0266
Epoch: 024/040 | Batch 0400/0469 | Loss: 0.0527
当前学习率:  0.005
整体测试集上的Loss: 0.9596426749994862
整体测试集上的正确率: 0.996399998664856
Epoch 00024: reducing learning rate of group 0 to 2.5000e-03.
-------第 25 轮训练开始-------
Epoch: 025/040 | Batch 0000/0469 | Loss: 0.0093
Epoch: 025/040 | Batch 0100/0469 | Loss: 0.0063
Epoch: 025/040 | Batch 0200/0469 | Loss: 0.0575
Epoch: 025/040 | Batch 0300/0469 | Loss: 0.0291
Epoch: 025/040 | Batch 0400/0469 | Loss: 0.0360
当前学习率:  0.0025
整体测试集上的Loss: 0.7750961835226917
整体测试集上的正确率: 0.996999979019165
-------第 26 轮训练开始-------
Epoch: 026/040 | Batch 0000/0469 | Loss: 0.0027
Epoch: 026/040 | Batch 0100/0469 | Loss: 0.0282
Epoch: 026/040 | Batch 0200/0469 | Loss: 0.0025
Epoch: 026/040 | Batch 0300/0469 | Loss: 0.0341
Epoch: 026/040 | Batch 0400/0469 | Loss: 0.0418
当前学习率:  0.0025
整体测试集上的Loss: 0.8169604908507608
整体测试集上的正确率: 0.9968999624252319
-------第 27 轮训练开始-------
Epoch: 027/040 | Batch 0000/0469 | Loss: 0.0056
Epoch: 027/040 | Batch 0100/0469 | Loss: 0.0029
Epoch: 027/040 | Batch 0200/0469 | Loss: 0.0179
Epoch: 027/040 | Batch 0300/0469 | Loss: 0.0250
Epoch: 027/040 | Batch 0400/0469 | Loss: 0.0759
当前学习率:  0.0025
整体测试集上的Loss: 0.8531156124881818
整体测试集上的正确率: 0.996999979019165
-------第 28 轮训练开始-------
Epoch: 028/040 | Batch 0000/0469 | Loss: 0.0021
Epoch: 028/040 | Batch 0100/0469 | Loss: 0.0031
Epoch: 028/040 | Batch 0200/0469 | Loss: 0.0058
Epoch: 028/040 | Batch 0300/0469 | Loss: 0.0082
Epoch: 028/040 | Batch 0400/0469 | Loss: 0.0121
当前学习率:  0.0025
整体测试集上的Loss: 0.7724702855302894
整体测试集上的正确率: 0.996999979019165
-------第 29 轮训练开始-------
Epoch: 029/040 | Batch 0000/0469 | Loss: 0.0026
Epoch: 029/040 | Batch 0100/0469 | Loss: 0.0062
Epoch: 029/040 | Batch 0200/0469 | Loss: 0.0148
Epoch: 029/040 | Batch 0300/0469 | Loss: 0.0169
Epoch: 029/040 | Batch 0400/0469 | Loss: 0.0742
当前学习率:  0.0025
整体测试集上的Loss: 0.8438862516886729
整体测试集上的正确率: 0.9967999458312988
-------第 30 轮训练开始-------
Epoch: 030/040 | Batch 0000/0469 | Loss: 0.0010
Epoch: 030/040 | Batch 0100/0469 | Loss: 0.0045
Epoch: 030/040 | Batch 0200/0469 | Loss: 0.0067
Epoch: 030/040 | Batch 0300/0469 | Loss: 0.0173
Epoch: 030/040 | Batch 0400/0469 | Loss: 0.0967
当前学习率:  0.0025
整体测试集上的Loss: 0.7494094841676997
整体测试集上的正确率: 0.9970999956130981
Epoch 00030: reducing learning rate of group 0 to 1.2500e-03.
-------第 31 轮训练开始-------
Epoch: 031/040 | Batch 0000/0469 | Loss: 0.0028
Epoch: 031/040 | Batch 0100/0469 | Loss: 0.0109
Epoch: 031/040 | Batch 0200/0469 | Loss: 0.0019
Epoch: 031/040 | Batch 0300/0469 | Loss: 0.0315
Epoch: 031/040 | Batch 0400/0469 | Loss: 0.0228
当前学习率:  0.00125
整体测试集上的Loss: 0.7046849369653501
整体测试集上的正确率: 0.9976999759674072
模型已保存
-------第 32 轮训练开始-------
Epoch: 032/040 | Batch 0000/0469 | Loss: 0.0058
Epoch: 032/040 | Batch 0100/0469 | Loss: 0.0074
Epoch: 032/040 | Batch 0200/0469 | Loss: 0.0499
Epoch: 032/040 | Batch 0300/0469 | Loss: 0.0106
Epoch: 032/040 | Batch 0400/0469 | Loss: 0.0676
当前学习率:  0.00125
整体测试集上的Loss: 0.7267298157894402
整体测试集上的正确率: 0.9970999956130981
-------第 33 轮训练开始-------
Epoch: 033/040 | Batch 0000/0469 | Loss: 0.0022
Epoch: 033/040 | Batch 0100/0469 | Loss: 0.0206
Epoch: 033/040 | Batch 0200/0469 | Loss: 0.0064
Epoch: 033/040 | Batch 0300/0469 | Loss: 0.0138
Epoch: 033/040 | Batch 0400/0469 | Loss: 0.0337
当前学习率:  0.00125
整体测试集上的Loss: 0.8071466983383289
整体测试集上的正确率: 0.9972999691963196
-------第 34 轮训练开始-------
Epoch: 034/040 | Batch 0000/0469 | Loss: 0.0014
Epoch: 034/040 | Batch 0100/0469 | Loss: 0.0067
Epoch: 034/040 | Batch 0200/0469 | Loss: 0.0114
Epoch: 034/040 | Batch 0300/0469 | Loss: 0.0106
Epoch: 034/040 | Batch 0400/0469 | Loss: 0.0307
当前学习率:  0.00125
整体测试集上的Loss: 0.8321940300229471
整体测试集上的正确率: 0.996999979019165
-------第 35 轮训练开始-------
Epoch: 035/040 | Batch 0000/0469 | Loss: 0.0074
Epoch: 035/040 | Batch 0100/0469 | Loss: 0.0022
Epoch: 035/040 | Batch 0200/0469 | Loss: 0.0046
Epoch: 035/040 | Batch 0300/0469 | Loss: 0.0438
Epoch: 035/040 | Batch 0400/0469 | Loss: 0.0256
当前学习率:  0.00125
整体测试集上的Loss: 0.7994351318484405
整体测试集上的正确率: 0.9971999526023865
-------第 36 轮训练开始-------
Epoch: 036/040 | Batch 0000/0469 | Loss: 0.0039
Epoch: 036/040 | Batch 0100/0469 | Loss: 0.0187
Epoch: 036/040 | Batch 0200/0469 | Loss: 0.0082
Epoch: 036/040 | Batch 0300/0469 | Loss: 0.0058
Epoch: 036/040 | Batch 0400/0469 | Loss: 0.0225
当前学习率:  0.00125
整体测试集上的Loss: 0.7441654443973675
整体测试集上的正确率: 0.9965999722480774
-------第 37 轮训练开始-------
Epoch: 037/040 | Batch 0000/0469 | Loss: 0.0044
Epoch: 037/040 | Batch 0100/0469 | Loss: 0.0041
Epoch: 037/040 | Batch 0200/0469 | Loss: 0.0074
Epoch: 037/040 | Batch 0300/0469 | Loss: 0.0176
Epoch: 037/040 | Batch 0400/0469 | Loss: 0.0376
当前学习率:  0.00125
整体测试集上的Loss: 0.7707278954185313
整体测试集上的正确率: 0.9975000023841858
Epoch 00037: reducing learning rate of group 0 to 6.2500e-04.
-------第 38 轮训练开始-------
Epoch: 038/040 | Batch 0000/0469 | Loss: 0.0015
Epoch: 038/040 | Batch 0100/0469 | Loss: 0.0040
Epoch: 038/040 | Batch 0200/0469 | Loss: 0.0101
Epoch: 038/040 | Batch 0300/0469 | Loss: 0.0085
Epoch: 038/040 | Batch 0400/0469 | Loss: 0.0150
当前学习率:  0.000625
整体测试集上的Loss: 0.7255699615307094
整体测试集上的正确率: 0.9971999526023865
-------第 39 轮训练开始-------
Epoch: 039/040 | Batch 0000/0469 | Loss: 0.0165
Epoch: 039/040 | Batch 0100/0469 | Loss: 0.0029
Epoch: 039/040 | Batch 0200/0469 | Loss: 0.0209
Epoch: 039/040 | Batch 0300/0469 | Loss: 0.0042
Epoch: 039/040 | Batch 0400/0469 | Loss: 0.0445
当前学习率:  0.000625
整体测试集上的Loss: 0.7123449523387535
整体测试集上的正确率: 0.9971999526023865
-------第 40 轮训练开始-------
Epoch: 040/040 | Batch 0000/0469 | Loss: 0.0029
Epoch: 040/040 | Batch 0100/0469 | Loss: 0.0069
Epoch: 040/040 | Batch 0200/0469 | Loss: 0.0016
Epoch: 040/040 | Batch 0300/0469 | Loss: 0.0209
Epoch: 040/040 | Batch 0400/0469 | Loss: 0.0368
当前学习率:  0.000625
整体测试集上的Loss: 0.7031548699196719
整体测试集上的正确率: 0.9972999691963196
模型已保存
[6.462724664248526, 2.6023749269224936, 1.7449312333774287, 1.211034838386695, 1.7332661045802524, 1.3211543928191531, 1.4192247435166792, 1.345669019381603, 1.390490747988224, 1.149901184173359, 1.8900136715456028, 1.310512080322951, 1.6872219986689743, 1.338122503759223, 1.280961189950176, 1.6033690214244416, 0.8896809826728713, 0.7469185847439803, 0.8464317488123925, 0.9403379547657096, 1.0662171866460994, 1.0830619467124052, 0.9674162798219186, 0.9596426749994862, 0.7750961835226917, 0.8169604908507608, 0.8531156124881818, 0.7724702855302894, 0.8438862516886729, 0.7494094841676997, 0.7046849369653501, 0.7267298157894402, 0.8071466983383289, 0.8321940300229471, 0.7994351318484405, 0.7441654443973675, 0.7707278954185313, 0.7255699615307094, 0.7123449523387535, 0.7031548699196719]
[0.9724, 0.9899, 0.9928, 0.9954, 0.9924, 0.9949, 0.9944, 0.9943, 0.9947, 0.9951, 0.9934, 0.9944, 0.9938, 0.9947, 0.995, 0.9929, 0.9963, 0.9971, 0.997, 0.9961, 0.9961, 0.996, 0.9961, 0.9964, 0.997, 0.9969, 0.997, 0.997, 0.9968, 0.9971, 0.9977, 0.9971, 0.9973, 0.997, 0.9972, 0.9966, 0.9975, 0.9972, 0.9972, 0.9973]
